c:\users\mrhay\source\repos\castingessentials\debug\castingessentials.lib
c:\users\mrhay\source\repos\castingessentials\debug\castingessentials.exp
c:\users\mrhay\source\repos\castingessentials\castingessentials\debug\vc140.pdb
c:\users\mrhay\source\repos\castingessentials\castingessentials\debug\vc140.idb
c:\users\mrhay\source\repos\castingessentials\castingessentials\debug\castingplugin.obj
c:\users\mrhay\source\repos\castingessentials\castingessentials\debug\memoverride.obj
c:\users\mrhay\source\repos\castingessentials\castingessentials\debug\interfaces.obj
c:\users\mrhay\source\repos\castingessentials\castingessentials\debug\vgui_controls.obj
c:\users\mrhay\source\repos\castingessentials\castingessentials\debug\modules.obj
c:\users\mrhay\source\repos\castingessentials\castingessentials\debug\cameratools.obj
c:\users\mrhay\source\repos\castingessentials\castingessentials\debug\funcs.obj
c:\users\mrhay\source\repos\castingessentials\castingessentials\debug\player.obj
c:\users\mrhay\source\repos\castingessentials\castingessentials\debug\entities.obj
c:\users\mrhay\source\repos\castingessentials\debug\castingessentials.pdb
c:\users\mrhay\source\repos\castingessentials\castingessentials\debug\castinge.32223b45.tlog\castingessentials.write.1u.tlog
c:\users\mrhay\source\repos\castingessentials\castingessentials\debug\castinge.32223b45.tlog\cl.command.1.tlog
c:\users\mrhay\source\repos\castingessentials\castingessentials\debug\castinge.32223b45.tlog\cl.read.1.tlog
c:\users\mrhay\source\repos\castingessentials\castingessentials\debug\castinge.32223b45.tlog\cl.write.1.tlog
c:\users\mrhay\source\repos\castingessentials\castingessentials\debug\castinge.32223b45.tlog\link-cvtres.read.1.tlog
c:\users\mrhay\source\repos\castingessentials\castingessentials\debug\castinge.32223b45.tlog\link-cvtres.write.1.tlog
c:\users\mrhay\source\repos\castingessentials\castingessentials\debug\castinge.32223b45.tlog\link-rc.read.1.tlog
c:\users\mrhay\source\repos\castingessentials\castingessentials\debug\castinge.32223b45.tlog\link-rc.write.1.tlog
c:\users\mrhay\source\repos\castingessentials\castingessentials\debug\castinge.32223b45.tlog\link.12524-cvtres.read.1.tlog
c:\users\mrhay\source\repos\castingessentials\castingessentials\debug\castinge.32223b45.tlog\link.12524-cvtres.write.1.tlog
c:\users\mrhay\source\repos\castingessentials\castingessentials\debug\castinge.32223b45.tlog\link.12524-rc.read.1.tlog
c:\users\mrhay\source\repos\castingessentials\castingessentials\debug\castinge.32223b45.tlog\link.12524-rc.write.1.tlog
c:\users\mrhay\source\repos\castingessentials\castingessentials\debug\castinge.32223b45.tlog\link.12524.read.1.tlog
c:\users\mrhay\source\repos\castingessentials\castingessentials\debug\castinge.32223b45.tlog\link.12524.write.1.tlog
c:\users\mrhay\source\repos\castingessentials\castingessentials\debug\castinge.32223b45.tlog\link.command.1.tlog
c:\users\mrhay\source\repos\castingessentials\castingessentials\debug\castinge.32223b45.tlog\link.read.1.tlog
c:\users\mrhay\source\repos\castingessentials\castingessentials\debug\castinge.32223b45.tlog\link.write.1.tlog
